<?xml version="1.0" encoding="UTF-8"?>
<!-- Generated by org.testng.reporters.JUnitReportReporter -->
<testsuite hostname="Shubham-Tripathi" failures="0" tests="1" name="encryption.EncodeAndDecodeTest" time="0.017" errors="0" timestamp="2025-08-04T15:03:39 IST" skipped="0">
  <testcase classname="encryption.EncodeAndDecodeTest" name="sampleTest" time="0.017"/>
</testsuite> <!-- encryption.EncodeAndDecodeTest -->
