<?xml version="1.0" encoding="UTF-8"?>
<!-- Generated by org.testng.reporters.JUnitReportReporter -->
<testsuite hostname="Shubham-Tripathi" failures="0" tests="10" name="ddt.AddMultipleProjectUsingExcelTest" time="4.950" errors="0" timestamp="2025-08-05T12:50:51 IST" skipped="0">
  <testcase classname="ddt.AddMultipleProjectUsingExcelTest" name="sampleTest" time="0.114"/>
  <testcase classname="ddt.AddMultipleProjectUsingExcelTest" name="sampleTest" time="0.123"/>
  <testcase classname="ddt.AddMultipleProjectUsingExcelTest" name="sampleTest" time="0.139"/>
  <testcase classname="ddt.AddMultipleProjectUsingExcelTest" name="sampleTest" time="0.122"/>
  <testcase classname="ddt.AddMultipleProjectUsingExcelTest" name="sampleTest" time="1.136"/>
  <testcase classname="ddt.AddMultipleProjectUsingExcelTest" name="sampleTest" time="2.797"/>
  <testcase classname="ddt.AddMultipleProjectUsingExcelTest" name="sampleTest" time="0.128"/>
  <testcase classname="ddt.AddMultipleProjectUsingExcelTest" name="sampleTest" time="0.130"/>
  <testcase classname="ddt.AddMultipleProjectUsingExcelTest" name="sampleTest" time="0.115"/>
  <testcase classname="ddt.AddMultipleProjectUsingExcelTest" name="sampleTest" time="0.146"/>
</testsuite> <!-- ddt.AddMultipleProjectUsingExcelTest -->
