<?xml version="1.0" encoding="UTF-8"?>
<!-- Generated by org.testng.reporters.JUnitReportReporter -->
<testsuite hostname="Shubham-Tripathi" failures="0" tests="1" name="request_Chaining.Senario2_AddEmployeToProject" time="6.234" errors="0" timestamp="2025-07-23T17:36:34 IST" skipped="0">
  <testcase classname="request_Chaining.Senario2_AddEmployeToProject" name="postDataToServer" time="6.234"/>
</testsuite> <!-- request_Chaining.Senario2_AddEmployeToProject -->
