<?xml version="1.0" encoding="UTF-8"?>
<!-- Generated by org.testng.reporters.JUnitReportReporter -->
<testsuite hostname="Shubham-Tripathi" failures="0" tests="1" name="com.sample.CRUD.withoutBDD.SampleTestForDeleteTest" time="3.016" errors="0" timestamp="2025-07-21T12:56:18 IST" skipped="0">
  <testcase classname="com.sample.CRUD.withoutBDD.SampleTestForDeleteTest" name="deleteDataFromServer" time="3.016"/>
</testsuite> <!-- com.sample.CRUD.withoutBDD.SampleTestForDeleteTest -->
