<?xml version="1.0" encoding="UTF-8"?>
<!-- Generated by org.testng.reporters.JUnitReportReporter -->
<testsuite hostname="Shubham-Tripathi" failures="0" tests="1" name="types_Parameter.PathParameter" time="5.856" errors="0" timestamp="2025-07-24T11:35:52 IST" skipped="0">
  <testcase classname="types_Parameter.PathParameter" name="sampleTest" time="5.856"/>
</testsuite> <!-- types_Parameter.PathParameter -->
