<?xml version="1.0" encoding="UTF-8"?>
<!-- Generated by org.testng.reporters.JUnitReportReporter -->
<testsuite hostname="Shubham-Tripathi" failures="0" tests="1" name="com.sample.CRUD.withoutBDD.SampleTestForCompleteUpdateTest" time="3.556" errors="0" timestamp="2025-07-21T12:31:19 IST" skipped="0">
  <testcase classname="com.sample.CRUD.withoutBDD.SampleTestForCompleteUpdateTest" name="updateDataFromServer" time="3.556"/>
</testsuite> <!-- com.sample.CRUD.withoutBDD.SampleTestForCompleteUpdateTest -->
