<?xml version="1.0" encoding="UTF-8"?>
<!-- Generated by org.testng.reporters.JUnitReportReporter -->
<testsuite hostname="Shubham-Tripathi" failures="0" tests="1" name="practice.SampleCreateViaPOJOClassTest2" time="6.493" errors="0" timestamp="2025-07-22T14:42:13 IST" skipped="0">
  <testcase classname="practice.SampleCreateViaPOJOClassTest2" name="postDataToServer" time="6.493"/>
</testsuite> <!-- practice.SampleCreateViaPOJOClassTest2 -->
