<?xml version="1.0" encoding="UTF-8"?>
<!-- Generated by org.testng.reporters.JUnitReportReporter -->
<testsuite hostname="Shubham-Tripathi" failures="0" tests="1" name="com.sample.CRUD.withBDD.SampleDeleteTest" time="3.210" errors="0" timestamp="2025-07-21T14:57:24 IST" skipped="0">
  <testcase classname="com.sample.CRUD.withBDD.SampleDeleteTest" name="putDataOnServer" time="3.210"/>
</testsuite> <!-- com.sample.CRUD.withBDD.SampleDeleteTest -->
