<?xml version="1.0" encoding="UTF-8"?>
<!-- Generated by org.testng.reporters.JUnitReportReporter -->
<testsuite hostname="Shubham-Tripathi" failures="0" tests="1" name="authTest.Auth2_0Test" time="4.985" errors="0" timestamp="2025-08-04T11:30:34 IST" skipped="0">
  <testcase classname="authTest.Auth2_0Test" name="sampleTest" time="4.985"/>
</testsuite> <!-- authTest.Auth2_0Test -->
