<?xml version="1.0" encoding="UTF-8"?>
<!-- Generated by org.testng.reporters.JUnitReportReporter -->
<testsuite hostname="Shubham-Tripathi" failures="0" tests="1" name="com.sample.CRUD.withBDD.SampleCreateTest" time="4.288" errors="0" timestamp="2025-07-21T14:41:53 IST" skipped="0">
  <testcase classname="com.sample.CRUD.withBDD.SampleCreateTest" name="postDataToServer" time="4.288"/>
</testsuite> <!-- com.sample.CRUD.withBDD.SampleCreateTest -->
