<?xml version="1.0" encoding="UTF-8"?>
<!-- Generated by org.testng.reporters.JUnitReportReporter -->
<testsuite hostname="Shubham-Tripathi" failures="0" tests="1" name="pac.SampleTest" time="3.522" errors="0" timestamp="2025-07-17T10:18:26 IST" skipped="0">
  <testcase classname="pac.SampleTest" name="sampleGetReqTest" time="3.522"/>
</testsuite> <!-- pac.SampleTest -->
