<?xml version="1.0" encoding="UTF-8"?>
<!-- Generated by org.testng.reporters.JUnitReportReporter -->
<testsuite hostname="Shubham-Tripathi" failures="0" tests="1" name="authTest.DigestiveAuthTest" time="3.991" errors="0" timestamp="2025-08-04T11:12:07 IST" skipped="0">
  <testcase classname="authTest.DigestiveAuthTest" name="sampleTest" time="3.991"/>
</testsuite> <!-- authTest.DigestiveAuthTest -->
