<?xml version="1.0" encoding="UTF-8"?>
<!-- Generated by org.testng.reporters.JUnitReportReporter -->
<testsuite hostname="Shubham-Tripathi" failures="0" tests="1" name="practice.SampleCreateWithHashMapTest" time="5.114" errors="0" timestamp="2025-07-22T13:16:18 IST" skipped="0">
  <testcase classname="practice.SampleCreateWithHashMapTest" name="postDataToServer" time="5.114"/>
</testsuite> <!-- practice.SampleCreateWithHashMapTest -->
