<?xml version="1.0" encoding="UTF-8"?>
<!-- Generated by org.testng.reporters.JUnitReportReporter -->
<testsuite hostname="Shubham-Tripathi" failures="0" tests="1" name="practice.SampleCreateViaJsonFileTest" time="4.266" errors="0" timestamp="2025-07-22T13:22:34 IST" skipped="0">
  <testcase classname="practice.SampleCreateViaJsonFileTest" name="postDataToServer" time="4.266"/>
</testsuite> <!-- practice.SampleCreateViaJsonFileTest -->
