<?xml version="1.0" encoding="UTF-8"?>
<!-- Generated by org.testng.reporters.JUnitReportReporter -->
<testsuite hostname="Shubham-Tripathi" failures="0" tests="3" name="ddt.AddMultipleProjectTest" time="6.294" errors="0" timestamp="2025-08-05T10:45:46 IST" skipped="0">
  <testcase classname="ddt.AddMultipleProjectTest" name="sampleTest" time="3.993"/>
  <testcase classname="ddt.AddMultipleProjectTest" name="sampleTest" time="1.138"/>
  <testcase classname="ddt.AddMultipleProjectTest" name="sampleTest" time="1.163"/>
</testsuite> <!-- ddt.AddMultipleProjectTest -->
