<?xml version="1.0" encoding="UTF-8"?>
<!-- Generated by org.testng.reporters.JUnitReportReporter -->
<testsuite hostname="Shubham-Tripathi" failures="0" tests="1" name="authTest.BearerTokenTest" time="4.834" errors="0" timestamp="2025-08-12T12:54:42 IST" skipped="0">
  <testcase classname="authTest.BearerTokenTest" name="sampleTest" time="4.834"/>
</testsuite> <!-- authTest.BearerTokenTest -->
