<?xml version="1.0" encoding="UTF-8"?>
<!-- Generated by org.testng.reporters.JUnitReportReporter -->
<testsuite hostname="Shubham-Tripathi" failures="0" tests="1" name="practice.Run1" time="0.017" errors="0" timestamp="2025-07-17T11:00:50 IST" skipped="0">
  <testcase classname="practice.Run1" name="sampleTest" time="0.017"/>
</testsuite> <!-- practice.Run1 -->
