<?xml version="1.0" encoding="UTF-8"?>
<!-- Generated by org.testng.reporters.JUnitReportReporter -->
<testsuite hostname="Shubham-Tripathi" failures="0" tests="1" name="practice.reponseValidation.verifyData_complexJsonXpath" time="3.209" errors="0" timestamp="2025-07-23T15:43:38 IST" skipped="0">
  <testcase classname="practice.reponseValidation.verifyData_complexJsonXpath" name="sampleTest" time="3.209"/>
</testsuite> <!-- practice.reponseValidation.verifyData_complexJsonXpath -->
