<?xml version="1.0" encoding="UTF-8"?>
<!-- Generated by org.testng.reporters.JUnitReportReporter -->
<testsuite hostname="Shubham-Tripathi" failures="0" tests="1" name="com.sample.CRUD.withoutBDD.SampleTestForReadTest" time="4.790" errors="0" timestamp="2025-08-06T12:58:36 IST" skipped="0">
  <testcase classname="com.sample.CRUD.withoutBDD.SampleTestForReadTest" name="getDataFromServer" time="4.790"/>
</testsuite> <!-- com.sample.CRUD.withoutBDD.SampleTestForReadTest -->
