<?xml version="1.0" encoding="UTF-8"?>
<!-- Generated by org.testng.reporters.JUnitReportReporter -->
<testsuite hostname="Shubham-Tripathi" failures="0" tests="1" name="practice.SampleTestUsingMtdChainingTest" time="4.990" errors="0" timestamp="2025-07-17T13:05:13 IST" skipped="0">
  <testcase classname="practice.SampleTestUsingMtdChainingTest" name="sampleGetReqTest" time="4.990"/>
</testsuite> <!-- practice.SampleTestUsingMtdChainingTest -->
