<?xml version="1.0" encoding="UTF-8"?>
<!-- Generated by org.testng.reporters.JUnitReportReporter -->
<testsuite hostname="Shubham-Tripathi" failures="0" tests="1" name="com.sample.CRUD.withBDD.SampleCmpleteUpdateTest" time="3.449" errors="0" timestamp="2025-07-21T14:53:16 IST" skipped="0">
  <testcase classname="com.sample.CRUD.withBDD.SampleCmpleteUpdateTest" name="putDataOnServer" time="3.449"/>
</testsuite> <!-- com.sample.CRUD.withBDD.SampleCmpleteUpdateTest -->
