<?xml version="1.0" encoding="UTF-8"?>
<!-- Generated by org.testng.reporters.JUnitReportReporter -->
<testsuite hostname="Shubham-Tripathi" failures="0" tests="1" name="types_Parameter.ParamParameter" time="2.924" errors="0" timestamp="2025-07-24T11:48:16 IST" skipped="0">
  <testcase classname="types_Parameter.ParamParameter" name="sampleTest" time="2.924"/>
</testsuite> <!-- types_Parameter.ParamParameter -->
