<?xml version="1.0" encoding="UTF-8"?>
<!-- Generated by org.testng.reporters.JUnitReportReporter -->
<testsuite hostname="Shubham-Tripathi" failures="0" tests="1" name="types_Parameter.QueryParameter" time="3.249" errors="0" timestamp="2025-07-24T11:42:57 IST" skipped="0">
  <testcase classname="types_Parameter.QueryParameter" name="sampleTest" time="3.249"/>
</testsuite> <!-- types_Parameter.QueryParameter -->
