<?xml version="1.0" encoding="UTF-8"?>
<!-- Generated by org.testng.reporters.JUnitReportReporter -->
<testsuite hostname="Shubham-Tripathi" failures="0" tests="1" name="authTest.PremtiveAuthTest" time="3.641" errors="0" timestamp="2025-08-04T11:11:29 IST" skipped="0">
  <testcase classname="authTest.PremtiveAuthTest" name="sampleTest" time="3.641"/>
</testsuite> <!-- authTest.PremtiveAuthTest -->
