<?xml version="1.0" encoding="UTF-8"?>
<!-- Generated by org.testng.reporters.JUnitReportReporter -->
<testsuite hostname="Shubham-Tripathi" failures="0" tests="1" name="practice.reponseValidation.verifyResponseHeader" time="3.253" errors="0" timestamp="2025-07-22T15:26:32 IST" skipped="0">
  <testcase classname="practice.reponseValidation.verifyResponseHeader" name="verifyHeader" time="3.253"/>
</testsuite> <!-- practice.reponseValidation.verifyResponseHeader -->
