<?xml version="1.0" encoding="UTF-8"?>
<!-- Generated by org.testng.reporters.JUnitReportReporter -->
<testsuite hostname="Shubham-Tripathi" failures="0" tests="1" name="panCardMock.PaymentTest" time="4.030" errors="0" timestamp="2025-08-06T16:20:14 IST" skipped="0">
  <testcase classname="panCardMock.PaymentTest" name="sampleTest" time="4.030"/>
</testsuite> <!-- panCardMock.PaymentTest -->
