<?xml version="1.0" encoding="UTF-8"?>
<!-- Generated by org.testng.reporters.JUnitReportReporter -->
<testsuite hostname="Shubham-Tripathi" failures="0" tests="1" name="authTest.BasicAuthTest" time="3.656" errors="0" timestamp="2025-08-04T11:10:52 IST" skipped="0">
  <testcase classname="authTest.BasicAuthTest" name="sampleTest" time="3.656"/>
</testsuite> <!-- authTest.BasicAuthTest -->
