<?xml version="1.0" encoding="UTF-8"?>
<!-- Generated by org.testng.reporters.JUnitReportReporter -->
<testsuite hostname="Shubham-Tripathi" failures="0" tests="1" name="encryption.API_EncodeTest" time="3.137" errors="0" timestamp="2025-08-04T15:02:44 IST" skipped="0">
  <testcase classname="encryption.API_EncodeTest" name="sampleTest" time="3.137"/>
</testsuite> <!-- encryption.API_EncodeTest -->
