<?xml version="1.0" encoding="UTF-8"?>
<!-- Generated by org.testng.reporters.JUnitReportReporter -->
<testsuite hostname="Shubham-Tripathi" failures="0" tests="1" name="encryption.UpdatePayInfoViaAESEncryptTest" time="3.177" errors="0" timestamp="2025-08-04T16:00:20 IST" skipped="0">
  <testcase classname="encryption.UpdatePayInfoViaAESEncryptTest" name="sampleTest" time="3.177"/>
</testsuite> <!-- encryption.UpdatePayInfoViaAESEncryptTest -->
