<?xml version="1.0" encoding="UTF-8"?>
<!-- Generated by org.testng.reporters.JUnitReportReporter -->
<testsuite hostname="Shubham-Tripathi" failures="0" tests="1" name="request_Chaining.Senario3_GetPayrollInfoViaAuthenticationProject" time="4.548" errors="0" timestamp="2025-07-23T18:16:09 IST" skipped="0">
  <testcase classname="request_Chaining.Senario3_GetPayrollInfoViaAuthenticationProject" name="postDataToServer" time="4.548"/>
</testsuite> <!-- request_Chaining.Senario3_GetPayrollInfoViaAuthenticationProject -->
