<?xml version="1.0" encoding="UTF-8"?>
<!-- Generated by org.testng.reporters.JUnitReportReporter -->
<testsuite hostname="Shubham-Tripathi" failures="0" tests="1" name="practice.reponseValidation.verifyResponseBodyVaiJsonPath" time="4.794" errors="0" timestamp="2025-07-23T14:54:58 IST" skipped="0">
  <testcase classname="practice.reponseValidation.verifyResponseBodyVaiJsonPath" name="verifyHeader" time="4.794"/>
</testsuite> <!-- practice.reponseValidation.verifyResponseBodyVaiJsonPath -->
