<?xml version="1.0" encoding="UTF-8"?>
<!-- Generated by org.testng.reporters.JUnitReportReporter -->
<testsuite hostname="Shubham-Tripathi" failures="0" tests="1" name="com.sample.CRUD.withBDD.SampleReadTest" time="3.666" errors="0" timestamp="2025-07-21T14:34:54 IST" skipped="0">
  <testcase classname="com.sample.CRUD.withBDD.SampleReadTest" name="getDataFromServer" time="3.666"/>
</testsuite> <!-- com.sample.CRUD.withBDD.SampleReadTest -->
