<?xml version="1.0" encoding="UTF-8"?>
<!-- Generated by org.testng.reporters.JUnitReportReporter -->
<testsuite hostname="Shubham-Tripathi" failures="0" tests="1" name="com.ninza.hrm.api.employetest.EmployeeWithoutEmailTest" time="1.270" errors="0" timestamp="2025-08-08T13:11:21 IST" skipped="0">
  <testcase classname="com.ninza.hrm.api.employetest.EmployeeWithoutEmailTest" name="addEmployeWithoutMailTest" time="1.270"/>
</testsuite> <!-- com.ninza.hrm.api.employetest.EmployeeWithoutEmailTest -->
