<?xml version="1.0" encoding="UTF-8"?>
<!-- Generated by org.testng.reporters.JUnitReportReporter -->
<testsuite hostname="Shubham-Tripathi" failures="0" tests="2" name="com.ninza.hrm.api.projecttest.ProjectTest" time="2.416" errors="0" timestamp="2025-08-08T13:11:21 IST" skipped="0">
  <testcase classname="com.ninza.hrm.api.projecttest.ProjectTest" name="createDuplicateProjectTest" time="0.132"/>
  <testcase classname="com.ninza.hrm.api.projecttest.ProjectTest" name="addSingleProjectWithCreatedTest" time="2.284"/>
</testsuite> <!-- com.ninza.hrm.api.projecttest.ProjectTest -->
